<?xml version="1.0" encoding="UTF-8" ?>
<testsuite tests="20" failures="0" name="runner.TestRunner" time="410.726" errors="0" skipped="0">
  <properties>
[...]
</properties>
  <testcase classname="Add to shopping cart" name="The user needs to add a product to the shopping bag" time="33.902"/>
  <testcase classname="Delete from the shopping cart" name="The user needs to delete a product from the shopping bag" time="35.734"/>
  <testcase classname="Filter" name="The user needs to filter by object price" time="23.708"/>
  <testcase classname="Filter" name="The user cannot filter by object price with a lower final price" time="16.449"/>
  <testcase classname="Filter" name="The user cannot filter by object price with empty price fields" time="16.567"/>
  <testcase classname="Filter" name="The user can filter by object price with only initial price" time="21.428"/>
  <testcase classname="Filter" name="The user can filter by object price with only final price" time="21.738"/>
  <testcase classname="Login" name="The user unsuccessfully signs in Falabella&apos;s web page with both wrong credentials" time="16.753"/>
  <testcase classname="Login" name="The user unsuccessfully signs in Falabella&apos;s web page with wrong password" time="20.92"/>
  <testcase classname="Login" name="The user unsuccessfully signs in Falabella&apos;s web page with wrong email" time="16.889"/>
  <testcase classname="Login" name="The user unsuccessfully signs in Falabella&apos;s web page with blank fields" time="13.764"/>
  <testcase classname="Login" name="The user unsuccessfully signs in Falabella&apos;s web page with email as blank field" time="12.236"/>
  <testcase classname="Login" name="The user unsuccessfully signs in Falabella&apos;s web page with password as blank field" time="14.43"/>
  <testcase classname="Login" name="The user unsuccessfully signs in Falabella&apos;s web page with password not meeting the required eight characters format" time="14.223"/>
  <testcase classname="Login" name="The user successfully signs in Falabella&apos;s web page" time="22.792"/>
  <testcase classname="Logout" name="The user successfully signs out of Falabella&apos;s web page" time="20.517"/>
  <testcase classname="Registration" name="The user unsuccessfully register in Falabella&apos;s web page" time="22.186"/>
  <testcase classname="Registration" name="The user unsuccessfully register in Falabella&apos;s web page with numbers in name and last names fields" time="25.165"/>
  <testcase classname="Registration" name="The user unsuccessfully register in Falabella&apos;s web page with no matching passwords" time="23.246"/>
  <testcase classname="Search" name="The user searches for &quot;cremas&quot; in Falabella&apos;s web page" time="18.079"/>
</testsuite>